<?xml version="1.0" encoding="UTF-8"?>
<!-- Generated by org.testng.reporters.JUnitReportReporter -->
<testsuite hostname="ATMECSINDT-050" name="com.atmecs.glooko.testscripts.TestScript1" tests="1" failures="0" timestamp="3 Jul 2016 11:46:15 GMT" time="16.884" errors="0">
  <testcase name="test" time="16.884" classname="com.atmecs.glooko.testscripts.TestScript1"/>
</testsuite> <!-- com.atmecs.glooko.testscripts.TestScript1 -->
