<?xml version="1.0" encoding="UTF-8"?>
<!-- Generated by org.testng.reporters.JUnitReportReporter -->
<testsuite hostname="ATMECSINDT-050" name="com.atmecs.glooko.testscripts.TestScript1" tests="1" failures="0" timestamp="1 Jul 2016 11:47:27 GMT" time="14.689" errors="0">
  <testcase name="test" time="14.689" classname="com.atmecs.glooko.testscripts.TestScript1"/>
</testsuite> <!-- com.atmecs.glooko.testscripts.TestScript1 -->
