<?xml version="1.0" encoding="UTF-8"?>
<!-- Generated by org.testng.reporters.JUnitReportReporter -->
<testsuite hostname="ATMECSINDT-050" name="com.atmecs.glooko.testscripts.AddFoodMedicine" tests="1" failures="0" timestamp="5 Jul 2016 12:45:40 GMT" time="137.140" errors="0">
  <testcase name="test" time="137.140" classname="com.atmecs.glooko.testscripts.AddFoodMedicine"/>
</testsuite> <!-- com.atmecs.glooko.testscripts.AddFoodMedicine -->
