<?xml version="1.0" encoding="UTF-8"?>
<!-- Generated by org.testng.reporters.JUnitReportReporter -->
<testsuite hostname="ATMECSINDT-050" name="com.atmecs.glooko.testscripts.LogOutSample" tests="1" failures="0" timestamp="13 Jul 2016 14:14:17 GMT" time="104.871" errors="0">
  <testcase name="testLogOut" time="104.871" classname="com.atmecs.glooko.testscripts.LogOutSample"/>
</testsuite> <!-- com.atmecs.glooko.testscripts.LogOutSample -->
