<?xml version="1.0" encoding="UTF-8"?>
<!-- Generated by org.testng.reporters.JUnitReportReporter -->
<testsuite hostname="ATMECSINDT-050" name="com.atmecs.glucko.testscripts.TestScript1" tests="1" failures="0" timestamp="30 Jun 2016 09:59:52 GMT" time="10.184" errors="0">
  <testcase name="test" time="10.184" classname="com.atmecs.glucko.testscripts.TestScript1"/>
</testsuite> <!-- com.atmecs.glucko.testscripts.TestScript1 -->
