<?xml version="1.0" encoding="UTF-8"?>
<!-- Generated by org.testng.reporters.JUnitReportReporter -->
<testsuite hostname="ATMECSINDT-050" name="com.atmecs.glooko.testscripts.AddFoodMedicine" tests="1" failures="0" timestamp="12 Jul 2016 06:02:01 GMT" time="152.200" errors="0">
  <testcase name="addFoodMedicine" time="152.200" classname="com.atmecs.glooko.testscripts.AddFoodMedicine"/>
</testsuite> <!-- com.atmecs.glooko.testscripts.AddFoodMedicine -->
