<?xml version="1.0" encoding="UTF-8"?>
<!-- Generated by org.testng.reporters.JUnitReportReporter -->
<testsuite hostname="ATMECSINDT-050" name="com.atmecs.glooko.testscripts.AddFoodMedicine" tests="1" failures="0" timestamp="15 Jul 2016 14:42:58 GMT" time="253.979" errors="0">
  <testcase name="addFoodMedicine" time="253.979" classname="com.atmecs.glooko.testscripts.AddFoodMedicine"/>
</testsuite> <!-- com.atmecs.glooko.testscripts.AddFoodMedicine -->
