<?xml version="1.0" encoding="UTF-8"?>
<!-- Generated by org.testng.reporters.JUnitReportReporter -->
<testsuite hostname="ATMECSINDT-050" name="com.atmecs.glooko.testscripts.AddFoodMedicine" tests="1" failures="0" timestamp="8 Jul 2016 13:05:10 GMT" time="138.475" errors="0">
  <testcase name="addFoodMedicine" time="138.475" classname="com.atmecs.glooko.testscripts.AddFoodMedicine"/>
</testsuite> <!-- com.atmecs.glooko.testscripts.AddFoodMedicine -->
