<?xml version="1.0" encoding="UTF-8"?>
<!-- Generated by org.testng.reporters.JUnitReportReporter -->
<testsuite hostname="ATMECSINDT-050" name="com.atmecs.glooko.testscripts.TestDeleteByTime" tests="1" failures="0" timestamp="14 Jul 2016 13:33:08 GMT" time="32.889" errors="0">
  <testcase name="testDeleteByTime" time="32.889" classname="com.atmecs.glooko.testscripts.TestDeleteByTime"/>
</testsuite> <!-- com.atmecs.glooko.testscripts.TestDeleteByTime -->
